<?xml version="1.0" encoding="UTF-8"?>
<testsuite xmlns:xsi="http://www.w3.org/2001/XMLSchema-instance" xsi:noNamespaceSchemaLocation="https://maven.apache.org/surefire/maven-surefire-plugin/xsd/surefire-test-report.xsd" version="3.0.2" name="com.riwi.H2.H1ApplicationTests" time="5.446" tests="1" errors="0" skipped="0" failures="0">
  <properties>
[...]
</properties>
  <testcase name="contextLoads" classname="com.riwi.H2.H1ApplicationTests" time="0.5">
    <system-out><![CDATA[23:04:19.289 [main] INFO org.springframework.test.context.support.AnnotationConfigContextLoaderUtils -- Could not detect default configuration classes for test class [com.riwi.H2.H1ApplicationTests]: H1ApplicationTests does not declare any static, non-private, non-final, nested classes annotated with @Configuration.
23:04:19.388 [main] INFO org.springframework.boot.test.context.SpringBootTestContextBootstrapper -- Found @SpringBootConfiguration com.riwi.H2.H1Application for test class com.riwi.H2.H1ApplicationTests

  .   ____          _            __ _ _
 /\\ / ___'_ __ _ _(_)_ __  __ _ \ \ \ \
( ( )\___ | '_ | '_| | '_ \/ _` | \ \ \ \
 \\/  ___)| |_)| | | | | || (_| |  ) ) ) )
  '  |____| .__|_| |_|_| |_\__, | / / / /
 =========|_|==============|___/=/_/_/_/

 :: Spring Boot ::                (v3.5.7)

2025-11-19T23:04:19.874-05:00  INFO 40820 --- [H2 ] [           main] com.riwi.H2.H1ApplicationTests           : Starting H1ApplicationTests using Java 17.0.16 with PID 40820 (started by pablo in /home/pablo/Documents/H2)
2025-11-19T23:04:19.876-05:00  INFO 40820 --- [H2 ] [           main] com.riwi.H2.H1ApplicationTests           : The following 1 profile is active: "jpa"
2025-11-19T23:04:20.781-05:00  INFO 40820 --- [H2 ] [           main] .s.d.r.c.RepositoryConfigurationDelegate : Bootstrapping Spring Data JPA repositories in DEFAULT mode.
2025-11-19T23:04:20.849-05:00  INFO 40820 --- [H2 ] [           main] .s.d.r.c.RepositoryConfigurationDelegate : Finished Spring Data repository scanning in 55 ms. Found 2 JPA repository interfaces.
2025-11-19T23:04:21.339-05:00  INFO 40820 --- [H2 ] [           main] o.hibernate.jpa.internal.util.LogHelper  : HHH000204: Processing PersistenceUnitInfo [name: default]
2025-11-19T23:04:21.395-05:00  INFO 40820 --- [H2 ] [           main] org.hibernate.Version                    : HHH000412: Hibernate ORM core version 6.6.33.Final
2025-11-19T23:04:21.440-05:00  INFO 40820 --- [H2 ] [           main] o.h.c.internal.RegionFactoryInitiator    : HHH000026: Second-level cache disabled
2025-11-19T23:04:21.697-05:00  INFO 40820 --- [H2 ] [           main] o.s.o.j.p.SpringPersistenceUnitInfo      : No LoadTimeWeaver setup: ignoring JPA class transformer
2025-11-19T23:04:21.727-05:00  INFO 40820 --- [H2 ] [           main] com.zaxxer.hikari.HikariDataSource       : HikariPool-1 - Starting...
2025-11-19T23:04:21.910-05:00  INFO 40820 --- [H2 ] [           main] com.zaxxer.hikari.pool.HikariPool        : HikariPool-1 - Added connection conn0: url=jdbc:h2:mem:riwi_db user=SA
2025-11-19T23:04:21.912-05:00  INFO 40820 --- [H2 ] [           main] com.zaxxer.hikari.HikariDataSource       : HikariPool-1 - Start completed.
2025-11-19T23:04:21.977-05:00  INFO 40820 --- [H2 ] [           main] org.hibernate.orm.connections.pooling    : HHH10001005: Database info:
	Database JDBC URL [Connecting through datasource 'HikariDataSource (HikariPool-1)']
	Database driver: undefined/unknown
	Database version: 2.3.232
	Autocommit mode: undefined/unknown
	Isolation level: undefined/unknown
	Minimum pool size: undefined/unknown
	Maximum pool size: undefined/unknown
2025-11-19T23:04:22.755-05:00  INFO 40820 --- [H2 ] [           main] o.h.e.t.j.p.i.JtaPlatformInitiator       : HHH000489: No JTA platform available (set 'hibernate.transaction.jta.platform' to enable JTA platform integration)
Hibernate: 
    create table events (
        id bigint generated by default as identity,
        date date not null,
        name varchar(255) not null,
        venue_id bigint not null,
        primary key (id)
    )
Hibernate: 
    create table venues (
        id bigint generated by default as identity,
        capacity integer not null,
        location varchar(255) not null,
        name varchar(255) not null,
        primary key (id)
    )
Hibernate: 
    alter table if exists events 
       add constraint FKqdxygdernwwt74hdvix9u5nr3 
       foreign key (venue_id) 
       references venues
2025-11-19T23:04:22.812-05:00  INFO 40820 --- [H2 ] [           main] j.LocalContainerEntityManagerFactoryBean : Initialized JPA EntityManagerFactory for persistence unit 'default'
2025-11-19T23:04:23.343-05:00  WARN 40820 --- [H2 ] [           main] JpaBaseConfiguration$JpaWebConfiguration : spring.jpa.open-in-view is enabled by default. Therefore, database queries may be performed during view rendering. Explicitly configure spring.jpa.open-in-view to disable this warning
2025-11-19T23:04:23.974-05:00  INFO 40820 --- [H2 ] [           main] o.s.b.a.h2.H2ConsoleAutoConfiguration    : H2 console available at '/h2-console'. Database available at 'jdbc:h2:mem:riwi_db'
2025-11-19T23:04:24.082-05:00  INFO 40820 --- [H2 ] [           main] com.riwi.H2.H1ApplicationTests           : Started H1ApplicationTests in 4.548 seconds (process running for 5.535)
]]></system-out>
  </testcase>
</testsuite>